<?xml version="1.0" encoding="UTF-8"?>
<!-- Generated by org.testng.reporters.JUnitXMLReporter -->
<testsuite ignored="10" hostname="DESKTOP-J4HPCP3" failures="3" tests="3" name="Test" time="68.89" errors="0" timestamp="2025-03-24T08:45:31 IST">
  <testcase classname="OrganizationTest.ToCreateOrgWithTypeTest" name="toCreateOrgWithTypeTest_004" time="12.349">
    <failure type="java.lang.NullPointerException" message="Cannot invoke &amp;quot;org.openqa.selenium.WebElement.click()&amp;quot; because the return value of &amp;quot;objectRepository.orgPage.getCreateOrganizationLink()&amp;quot; is null">
      <![CDATA[java.lang.NullPointerException: Cannot invoke "org.openqa.selenium.WebElement.click()" because the return value of "objectRepository.orgPage.getCreateOrganizationLink()" is null
at OrganizationTest.ToCreateOrgWithTypeTest.toCreateOrgWithTypeTest_004(ToCreateOrgWithTypeTest.java:25)
at java.base/java.util.ArrayList.forEach(ArrayList.java:1597)
... Removed 25 stack frames]]>
    </failure>
  </testcase> <!-- toCreateOrgWithTypeTest_004 -->
  <testcase classname="OrganizationTest.ToCreateOrgTest" name="toCreateOrgTest_002" time="12.748">
    <failure type="java.lang.NullPointerException" message="Cannot invoke &amp;quot;org.openqa.selenium.WebElement.click()&amp;quot; because the return value of &amp;quot;objectRepository.orgPage.getCreateOrganizationLink()&amp;quot; is null">
      <![CDATA[java.lang.NullPointerException: Cannot invoke "org.openqa.selenium.WebElement.click()" because the return value of "objectRepository.orgPage.getCreateOrganizationLink()" is null
at OrganizationTest.ToCreateOrgTest.toCreateOrgTest_002(ToCreateOrgTest.java:26)
at java.base/java.util.ArrayList.forEach(ArrayList.java:1597)
... Removed 25 stack frames]]>
    </failure>
  </testcase> <!-- toCreateOrgTest_002 -->
  <testcase classname="OrganizationTest.ToCreateOrgWithIndustryTest" name="toCreateOrgTest_003" time="9.004">
    <failure type="java.lang.NullPointerException" message="Cannot invoke &amp;quot;org.openqa.selenium.WebElement.click()&amp;quot; because the return value of &amp;quot;objectRepository.orgPage.getCreateOrganizationLink()&amp;quot; is null">
      <![CDATA[java.lang.NullPointerException: Cannot invoke "org.openqa.selenium.WebElement.click()" because the return value of "objectRepository.orgPage.getCreateOrganizationLink()" is null
at OrganizationTest.ToCreateOrgWithIndustryTest.toCreateOrgTest_003(ToCreateOrgWithIndustryTest.java:29)
at java.base/java.util.ArrayList.forEach(ArrayList.java:1597)
... Removed 25 stack frames]]>
    </failure>
  </testcase> <!-- toCreateOrgTest_003 -->
  <testcase classname="ContactTests.ToCreateContactTest" name="toCreateContact_001" time="0.0">
    <ignored/>
  </testcase> <!-- toCreateContact_001 -->
  <testcase classname="genericUtility.BaseClass" name="@BeforeSuite beforeSuiteConfiguration" time="0.0">
    <ignored/>
  </testcase> <!-- @BeforeSuite beforeSuiteConfiguration -->
  <testcase classname="genericUtility.BaseClass" name="@BeforeSuite beforeSuiteConfiguration" time="0.0">
    <ignored/>
  </testcase> <!-- @BeforeSuite beforeSuiteConfiguration -->
  <testcase classname="genericUtility.BaseClass" name="@BeforeSuite beforeSuiteConfiguration" time="0.0">
    <ignored/>
  </testcase> <!-- @BeforeSuite beforeSuiteConfiguration -->
  <testcase classname="genericUtility.BaseClass" name="@BeforeSuite beforeSuiteConfiguration" time="0.0">
    <ignored/>
  </testcase> <!-- @BeforeSuite beforeSuiteConfiguration -->
  <testcase classname="ContactTests.ToCreateContactWithOrgTest" name="toCreateContactWithOrgTest_005" time="0.0">
    <ignored/>
  </testcase> <!-- toCreateContactWithOrgTest_005 -->
  <testcase classname="genericUtility.BaseClass" name="@AfterSuite afterSuiteConfiguration" time="0.0">
    <ignored/>
  </testcase> <!-- @AfterSuite afterSuiteConfiguration -->
  <testcase classname="genericUtility.BaseClass" name="@AfterSuite afterSuiteConfiguration" time="0.0">
    <ignored/>
  </testcase> <!-- @AfterSuite afterSuiteConfiguration -->
  <testcase classname="genericUtility.BaseClass" name="@AfterSuite afterSuiteConfiguration" time="0.0">
    <ignored/>
  </testcase> <!-- @AfterSuite afterSuiteConfiguration -->
  <testcase classname="genericUtility.BaseClass" name="@AfterSuite afterSuiteConfiguration" time="0.0">
    <ignored/>
  </testcase> <!-- @AfterSuite afterSuiteConfiguration -->
</testsuite> <!-- Test -->
