<?xml version="1.0" encoding="UTF-8"?>
<!-- Generated by org.testng.reporters.JUnitXMLReporter -->
<testsuite ignored="0" hostname="DESKTOP-J4HPCP3" failures="1" tests="1" name="Test2" time="50.494" errors="0" timestamp="2025-03-24T09:46:35 IST">
  <testcase classname="ContactTests.ToCreateContactTest" name="toCreateContact_001" time="28.295">
    <failure type="org.apache.poi.ooxml.POIXMLException" message="org.apache.xmlbeans.XmlException: error: Premature end of file.">
      <![CDATA[org.apache.poi.ooxml.POIXMLException: org.apache.xmlbeans.XmlException: error: Premature end of file.
at org.apache.poi.xssf.usermodel.XSSFWorkbook.onDocumentRead(XSSFWorkbook.java:439)
at org.apache.poi.ooxml.POIXMLDocument.load(POIXMLDocument.java:184)
at org.apache.poi.xssf.usermodel.XSSFWorkbook.<init>(XSSFWorkbook.java:288)
at org.apache.poi.xssf.usermodel.XSSFWorkbookFactory.createWorkbook(XSSFWorkbookFactory.java:97)
at org.apache.poi.xssf.usermodel.XSSFWorkbookFactory.createWorkbook(XSSFWorkbookFactory.java:147)
at org.apache.poi.ss.usermodel.WorkbookFactory.create(WorkbookFactory.java:256)
at org.apache.poi.ss.usermodel.WorkbookFactory.create(WorkbookFactory.java:221)
at genericUtility.ExcelFileUtility.toReadtheDataFfromExcel(ExcelFileUtility.java:27)
at ContactTests.ToCreateContactTest.toCreateContact_001(ToCreateContactTest.java:28)
at java.base/java.util.ArrayList.forEach(ArrayList.java:1597)
at java.base/java.util.concurrent.FutureTask.run(FutureTask.java:317)
at java.base/java.util.concurrent.ThreadPoolExecutor.runWorker(ThreadPoolExecutor.java:1144)
at java.base/java.util.concurrent.ThreadPoolExecutor$Worker.run(ThreadPoolExecutor.java:642)
at java.base/java.lang.Thread.run(Thread.java:1575)
Caused by: org.apache.xmlbeans.XmlException: error: Premature end of file.
at org.apache.xmlbeans.impl.store.Locale$SaxLoader.load(Locale.java:3448)
at org.apache.xmlbeans.impl.store.Locale.parseToXmlObject(Locale.java:1272)
at org.apache.xmlbeans.impl.store.Locale.parseToXmlObject(Locale.java:1259)
at org.apache.xmlbeans.impl.schema.SchemaTypeLoaderBase.parse(SchemaTypeLoaderBase.java:345)
at org.openxmlformats.schemas.spreadsheetml.x2006.main.WorkbookDocument$Factory.parse(Unknown Source)
at org.apache.poi.xssf.usermodel.XSSFWorkbook.onDocumentRead(XSSFWorkbook.java:368)
... 29 more
Caused by: org.xml.sax.SAXParseException; systemId: file://; lineNumber: 1; columnNumber: 1; Premature end of file.
at java.xml/com.sun.org.apache.xerces.internal.util.ErrorHandlerWrapper.createSAXParseException(ErrorHandlerWrapper.java:204)
at java.xml/com.sun.org.apache.xerces.internal.util.ErrorHandlerWrapper.fatalError(ErrorHandlerWrapper.java:178)
at java.xml/com.sun.org.apache.xerces.internal.impl.XMLErrorReporter.reportError(XMLErrorReporter.java:400)
at java.xml/com.sun.org.apache.xerces.internal.impl.XMLErrorReporter.reportError(XMLErrorReporter.java:327)
at java.xml/com.sun.org.apache.xerces.internal.impl.XMLScanner.reportFatalError(XMLScanner.java:1465)
at java.xml/com.sun.org.apache.xerces.internal.impl.XMLDocumentScannerImpl$PrologDriver.next(XMLDocumentScannerImpl.java:1043)
at java.xml/com.sun.org.apache.xerces.internal.impl.XMLDocumentScannerImpl.next(XMLDocumentScannerImpl.java:635)
at java.xml/com.sun.org.apache.xerces.internal.impl.XMLNSDocumentScannerImpl.next(XMLNSDocumentScannerImpl.java:113)
at java.xml/com.sun.org.apache.xerces.internal.impl.XMLDocumentFragmentScannerImpl.scanDocument(XMLDocumentFragmentScannerImpl.java:551)
at java.xml/com.sun.org.apache.xerces.internal.parsers.XML11Configuration.parse(XML11Configuration.java:890)
at java.xml/com.sun.org.apache.xerces.internal.parsers.XML11Configuration.parse(XML11Configuration.java:826)
at java.xml/com.sun.org.apache.xerces.internal.parsers.XMLParser.parse(XMLParser.java:134)
at java.xml/com.sun.org.apache.xerces.internal.parsers.AbstractSAXParser.parse(AbstractSAXParser.java:1225)
at java.xml/com.sun.org.apache.xerces.internal.jaxp.SAXParserImpl$JAXPSAXParser.parse(SAXParserImpl.java:643)
at org.apache.xmlbeans.impl.store.Locale$SaxLoader.load(Locale.java:3422)
... 34 more
... Removed 16 stack frames]]>
    </failure>
  </testcase> <!-- toCreateContact_001 -->
</testsuite> <!-- Test2 -->
