<?xml version="1.0" encoding="UTF-8"?>
<testng-results ignored="0" total="1" passed="1" failed="0" skipped="0">
  <reporter-output>
    <line>
      <![CDATA[...Database connection established.....]]>
    </line>
    <line>
      <![CDATA[Browser got Launched]]>
    </line>
    <line>
      <![CDATA[Logged In successfully]]>
    </line>
    <line>
      <![CDATA[Logged Out successfully]]>
    </line>
    <line>
      <![CDATA[Browser got closed Successfully]]>
    </line>
    <line>
      <![CDATA[Database Conection Disconnected]]>
    </line>
  </reporter-output>
  <suite started-at="2025-04-02T09:52:47 IST" name="Default suite" finished-at="2025-04-02T09:54:36 IST" duration-ms="108624">
    <groups>
      <group name="smoke">
        <method signature="ToCreateContactTest.toCreateContact_001()[pri:0, instance:ContactTests.ToCreateContactTest@557caf28]" name="toCreateContact_001" class="ContactTests.ToCreateContactTest"/>
      </group> <!-- smoke -->
    </groups>
    <test started-at="2025-04-02T09:52:47 IST" name="Default test" finished-at="2025-04-02T09:54:36 IST" duration-ms="108624">
      <class name="ContactTests.ToCreateContactTest">
        <test-method is-config="true" signature="beforeSuiteConfiguration()[pri:0, instance:ContactTests.ToCreateContactTest@557caf28]" started-at="2025-04-02T09:52:47 IST" name="beforeSuiteConfiguration" finished-at="2025-04-02T09:52:47 IST" duration-ms="22" status="PASS">
          <reporter-output>
            <line>
              <![CDATA[...Database connection established.....]]>
            </line>
          </reporter-output>
        </test-method> <!-- beforeSuiteConfiguration -->
        <test-method is-config="true" signature="beforeClassConfiguration()[pri:0, instance:ContactTests.ToCreateContactTest@557caf28]" started-at="2025-04-02T09:52:48 IST" name="beforeClassConfiguration" finished-at="2025-04-02T09:53:16 IST" duration-ms="27660" status="PASS">
          <reporter-output>
            <line>
              <![CDATA[Browser got Launched]]>
            </line>
          </reporter-output>
        </test-method> <!-- beforeClassConfiguration -->
        <test-method is-config="true" signature="beforeMethodConfiguration()[pri:0, instance:ContactTests.ToCreateContactTest@557caf28]" started-at="2025-04-02T09:53:16 IST" name="beforeMethodConfiguration" finished-at="2025-04-02T09:53:35 IST" duration-ms="19676" status="PASS">
          <reporter-output>
            <line>
              <![CDATA[Logged In successfully]]>
            </line>
          </reporter-output>
        </test-method> <!-- beforeMethodConfiguration -->
        <test-method signature="toCreateContact_001()[pri:0, instance:ContactTests.ToCreateContactTest@557caf28]" started-at="2025-04-02T09:53:35 IST" name="toCreateContact_001" finished-at="2025-04-02T09:54:31 IST" duration-ms="56043" status="PASS">
          <reporter-output>
          </reporter-output>
        </test-method> <!-- toCreateContact_001 -->
        <test-method is-config="true" signature="afterMethodConfiguration()[pri:0, instance:ContactTests.ToCreateContactTest@557caf28]" started-at="2025-04-02T09:54:31 IST" name="afterMethodConfiguration" finished-at="2025-04-02T09:54:35 IST" duration-ms="3754" status="PASS">
          <reporter-output>
            <line>
              <![CDATA[Logged Out successfully]]>
            </line>
          </reporter-output>
        </test-method> <!-- afterMethodConfiguration -->
        <test-method is-config="true" signature="afterClassConfiguration()[pri:0, instance:ContactTests.ToCreateContactTest@557caf28]" started-at="2025-04-02T09:54:35 IST" name="afterClassConfiguration" finished-at="2025-04-02T09:54:36 IST" duration-ms="726" status="PASS">
          <reporter-output>
            <line>
              <![CDATA[Browser got closed Successfully]]>
            </line>
          </reporter-output>
        </test-method> <!-- afterClassConfiguration -->
        <test-method is-config="true" signature="afterSuiteConfiguration()[pri:0, instance:ContactTests.ToCreateContactTest@557caf28]" started-at="2025-04-02T09:54:37 IST" name="afterSuiteConfiguration" finished-at="2025-04-02T09:54:37 IST" duration-ms="0" status="PASS">
          <reporter-output>
            <line>
              <![CDATA[Database Conection Disconnected]]>
            </line>
          </reporter-output>
        </test-method> <!-- afterSuiteConfiguration -->
      </class> <!-- ContactTests.ToCreateContactTest -->
    </test> <!-- Default test -->
  </suite> <!-- Default suite -->
</testng-results>
